<?xml version="1.0" encoding="UTF-8"?>
<!-- Generated by org.testng.reporters.JUnitReportReporter -->
<testsuite skipped="0" hostname="MTYTM14151BQK" name="COM_AAA_CCC.maventest2.LoginTests" tests="2" failures="0" timestamp="26 Nov 2018 17:35:59 GMT" time="45.479" errors="0">
  <testcase name="invalidLoginTest_InvalidUserNameInvalidPassword" time="24.478" classname="COM_AAA_CCC.maventest2.LoginTests"/>
  <testcase name="invalidLoginTest_EmptyUserEmptyPassword" time="21.001" classname="COM_AAA_CCC.maventest2.LoginTests"/>
</testsuite> <!-- COM_AAA_CCC.maventest2.LoginTests -->
